<?xml version="1.0" encoding="UTF-8"?>
<!-- Generated by org.testng.reporters.JUnitXMLReporter -->
<testsuite ignored="0" hostname="GANWEERSAHEB" failures="0" tests="10" name="Test Pusha the Rise" time="17.209" errors="0" timestamp="09 Dec 2022 13:02:25 GMT">
  <testcase classname="com.TestLayer.GooglePageTest" name="searchOnGoogle" time="3.281"/>
  <testcase classname="com.TestLayer.GoogleSearchPageTest" name="verifyGoogleSearchPageTitle" time="0.012"/>
  <testcase classname="com.TestLayer.GoogleSearchPageTest" name="clickonWiki" time="0.851"/>
  <testcase classname="com.TestLayer.WikipediaPageTest" name="captureCountry" time="0.046"/>
  <testcase classname="com.TestLayer.ImdbPageTest" name="clickonImdb" time="5.08"/>
  <testcase classname="com.TestLayer.WikipediaPageTest" name="captureReleaseDate" time="0.029"/>
  <testcase classname="com.TestLayer.ImdbPageTest" name="captureCountry" time="0.036"/>
  <testcase classname="com.TestLayer.ImdbPageTest" name="captureReleaseDate" time="0.026"/>
  <testcase classname="com.TestLayer.ValidationWIkiAndImdb" name="validateCountry" time="0.0"/>
  <testcase classname="com.TestLayer.ValidationWIkiAndImdb" name="validateReleaseDate" time="0.016"/>
</testsuite> <!-- Test Pusha the Rise -->
