<?xml version="1.0" encoding="UTF-8"?>
<testng-results ignored="0" total="10" passed="10" failed="0" skipped="0">
  <reporter-output>
  </reporter-output>
  <suite started-at="2022-12-09T13:02:07Z" name="Test Wiki and IMDB Pusha functionality" finished-at="2022-12-09T13:02:24Z" duration-ms="17209">
    <groups>
      <group name="imdb">
        <method signature="GoogleSearchPageTest.verifyGoogleSearchPageTitle()[pri:1, instance:com.TestLayer.GoogleSearchPageTest@2421cc4]" name="verifyGoogleSearchPageTitle" class="com.TestLayer.GoogleSearchPageTest"/>
        <method signature="ImdbPageTest.captureCountry()[pri:4, instance:com.TestLayer.ImdbPageTest@59a008ba]" name="captureCountry" class="com.TestLayer.ImdbPageTest"/>
        <method signature="ImdbPageTest.captureReleaseDate()[pri:5, instance:com.TestLayer.ImdbPageTest@59a008ba]" name="captureReleaseDate" class="com.TestLayer.ImdbPageTest"/>
        <method signature="ImdbPageTest.clickonImdb()[pri:3, instance:com.TestLayer.ImdbPageTest@59a008ba]" name="clickonImdb" class="com.TestLayer.ImdbPageTest"/>
      </group> <!-- imdb -->
      <group name="wiki">
        <method signature="GoogleSearchPageTest.clickonWiki()[pri:2, instance:com.TestLayer.GoogleSearchPageTest@2421cc4]" name="clickonWiki" class="com.TestLayer.GoogleSearchPageTest"/>
        <method signature="GoogleSearchPageTest.verifyGoogleSearchPageTitle()[pri:1, instance:com.TestLayer.GoogleSearchPageTest@2421cc4]" name="verifyGoogleSearchPageTitle" class="com.TestLayer.GoogleSearchPageTest"/>
        <method signature="WikipediaPageTest.captureCountry()[pri:3, instance:com.TestLayer.WikipediaPageTest@30c93896]" name="captureCountry" class="com.TestLayer.WikipediaPageTest"/>
        <method signature="WikipediaPageTest.captureReleaseDate()[pri:4, instance:com.TestLayer.WikipediaPageTest@30c93896]" name="captureReleaseDate" class="com.TestLayer.WikipediaPageTest"/>
      </group> <!-- wiki -->
      <group name="google">
        <method signature="GooglePageTest.searchOnGoogle()[pri:0, instance:com.TestLayer.GooglePageTest@7a220c9a]" name="searchOnGoogle" class="com.TestLayer.GooglePageTest"/>
      </group> <!-- google -->
      <group name="validation">
        <method signature="ValidationWIkiAndImdb.validateCountry()[pri:10, instance:com.TestLayer.ValidationWIkiAndImdb@338c99c8]" name="validateCountry" class="com.TestLayer.ValidationWIkiAndImdb"/>
        <method signature="ValidationWIkiAndImdb.validateReleaseDate()[pri:11, instance:com.TestLayer.ValidationWIkiAndImdb@338c99c8]" name="validateReleaseDate" class="com.TestLayer.ValidationWIkiAndImdb"/>
      </group> <!-- validation -->
    </groups>
    <test started-at="2022-12-09T13:02:07Z" name="Test Pusha the Rise" finished-at="2022-12-09T13:02:24Z" duration-ms="17209">
      <class name="com.TestLayer.ImdbPageTest">
        <test-method signature="clickonImdb()[pri:3, instance:com.TestLayer.ImdbPageTest@59a008ba]" started-at="2022-12-09T13:02:16Z" name="clickonImdb" finished-at="2022-12-09T13:02:21Z" duration-ms="5080" status="PASS">
          <reporter-output>
          </reporter-output>
        </test-method> <!-- clickonImdb -->
        <test-method signature="captureCountry()[pri:4, instance:com.TestLayer.ImdbPageTest@59a008ba]" started-at="2022-12-09T13:02:23Z" name="captureCountry" finished-at="2022-12-09T13:02:23Z" duration-ms="36" status="PASS">
          <reporter-output>
          </reporter-output>
        </test-method> <!-- captureCountry -->
        <test-method signature="captureReleaseDate()[pri:5, instance:com.TestLayer.ImdbPageTest@59a008ba]" started-at="2022-12-09T13:02:23Z" name="captureReleaseDate" finished-at="2022-12-09T13:02:23Z" duration-ms="26" status="PASS">
          <reporter-output>
          </reporter-output>
        </test-method> <!-- captureReleaseDate -->
      </class> <!-- com.TestLayer.ImdbPageTest -->
      <class name="com.TestLayer.ValidationWIkiAndImdb">
        <test-method signature="validateCountry()[pri:10, instance:com.TestLayer.ValidationWIkiAndImdb@338c99c8]" started-at="2022-12-09T13:02:24Z" name="validateCountry" finished-at="2022-12-09T13:02:24Z" duration-ms="0" status="PASS">
          <reporter-output>
          </reporter-output>
        </test-method> <!-- validateCountry -->
        <test-method signature="validateReleaseDate()[pri:11, instance:com.TestLayer.ValidationWIkiAndImdb@338c99c8]" started-at="2022-12-09T13:02:24Z" name="validateReleaseDate" finished-at="2022-12-09T13:02:24Z" duration-ms="16" status="PASS">
          <reporter-output>
          </reporter-output>
        </test-method> <!-- validateReleaseDate -->
      </class> <!-- com.TestLayer.ValidationWIkiAndImdb -->
      <class name="com.TestLayer.GoogleSearchPageTest">
        <test-method signature="verifyGoogleSearchPageTitle()[pri:1, instance:com.TestLayer.GoogleSearchPageTest@2421cc4]" started-at="2022-12-09T13:02:15Z" name="verifyGoogleSearchPageTitle" depends-on-groups="google" finished-at="2022-12-09T13:02:15Z" duration-ms="12" status="PASS">
          <reporter-output>
          </reporter-output>
        </test-method> <!-- verifyGoogleSearchPageTitle -->
        <test-method signature="clickonWiki()[pri:2, instance:com.TestLayer.GoogleSearchPageTest@2421cc4]" started-at="2022-12-09T13:02:15Z" name="clickonWiki" depends-on-groups="google" finished-at="2022-12-09T13:02:16Z" duration-ms="851" status="PASS">
          <reporter-output>
          </reporter-output>
        </test-method> <!-- clickonWiki -->
      </class> <!-- com.TestLayer.GoogleSearchPageTest -->
      <class name="com.TestLayer.GooglePageTest">
        <test-method is-config="true" signature="setUp()[pri:0, instance:com.TestLayer.GooglePageTest@7a220c9a]" started-at="2022-12-09T13:02:07Z" name="setUp" finished-at="2022-12-09T13:02:11Z" duration-ms="3922" status="PASS">
          <reporter-output>
          </reporter-output>
        </test-method> <!-- setUp -->
        <test-method signature="searchOnGoogle()[pri:0, instance:com.TestLayer.GooglePageTest@7a220c9a]" started-at="2022-12-09T13:02:11Z" name="searchOnGoogle" finished-at="2022-12-09T13:02:15Z" duration-ms="3281" status="PASS">
          <reporter-output>
          </reporter-output>
        </test-method> <!-- searchOnGoogle -->
        <test-method is-config="true" signature="tearDown()[pri:0, instance:com.TestLayer.GooglePageTest@7a220c9a]" started-at="2022-12-09T13:02:24Z" name="tearDown" finished-at="2022-12-09T13:02:24Z" duration-ms="205" status="PASS">
          <reporter-output>
          </reporter-output>
        </test-method> <!-- tearDown -->
      </class> <!-- com.TestLayer.GooglePageTest -->
      <class name="com.TestLayer.WikipediaPageTest">
        <test-method signature="captureCountry()[pri:3, instance:com.TestLayer.WikipediaPageTest@30c93896]" started-at="2022-12-09T13:02:16Z" name="captureCountry" finished-at="2022-12-09T13:02:16Z" duration-ms="46" status="PASS">
          <reporter-output>
          </reporter-output>
        </test-method> <!-- captureCountry -->
        <test-method signature="captureReleaseDate()[pri:4, instance:com.TestLayer.WikipediaPageTest@30c93896]" started-at="2022-12-09T13:02:22Z" name="captureReleaseDate" finished-at="2022-12-09T13:02:22Z" duration-ms="29" status="PASS">
          <reporter-output>
          </reporter-output>
        </test-method> <!-- captureReleaseDate -->
      </class> <!-- com.TestLayer.WikipediaPageTest -->
    </test> <!-- Test Pusha the Rise -->
  </suite> <!-- Test Wiki and IMDB Pusha functionality -->
</testng-results>
